<?xml version="1.0" encoding="UTF-8"?>
<testsuite name="co.kr.test.board.BoardTestController" tests="1" skipped="0" failures="1" errors="0" timestamp="2024-10-23T12:26:25" hostname="DESKTOP-BUFGBTQ" time="0.552">
  <properties/>
  <testcase name="모든데이터 조회" classname="co.kr.test.board.BoardTestController" time="0.552">
    <failure message="java.lang.AssertionError: Range for response status value 200 expected:&lt;CLIENT_ERROR&gt; but was:&lt;SUCCESSFUL&gt;" type="java.lang.AssertionError">java.lang.AssertionError: Range for response status value 200 expected:&lt;CLIENT_ERROR&gt; but was:&lt;SUCCESSFUL&gt;
	at org.springframework.test.util.AssertionErrors.fail(AssertionErrors.java:59)
	at org.springframework.test.util.AssertionErrors.assertEquals(AssertionErrors.java:122)
	at org.springframework.test.web.servlet.result.StatusResultMatchers.lambda$is4xxClientError$5(StatusResultMatchers.java:95)
	at org.springframework.test.web.servlet.MockMvc$1.andExpect(MockMvc.java:214)
	at co.kr.test.board.BoardTestController.testGetBoards(BoardTestController.java:24)
	at java.base/java.lang.reflect.Method.invoke(Method.java:568)
	at java.base/java.util.ArrayList.forEach(ArrayList.java:1511)
	at java.base/java.util.ArrayList.forEach(ArrayList.java:1511)
</failure>
  </testcase>
  <system-out><![CDATA[21:26:21.639 [Test worker] INFO org.springframework.test.context.support.AnnotationConfigContextLoaderUtils -- Could not detect default configuration classes for test class [co.kr.test.board.BoardTestController]: BoardTestController does not declare any static, non-private, non-final, nested classes annotated with @Configuration.
21:26:21.742 [Test worker] INFO org.springframework.boot.test.context.SpringBootTestContextBootstrapper -- Found @SpringBootConfiguration co.kr.test.TestApplication for test class co.kr.test.board.BoardTestController

  .   ____          _            __ _ _
 /\\ / ___'_ __ _ _(_)_ __  __ _ \ \ \ \
( ( )\___ | '_ | '_| | '_ \/ _` | \ \ \ \
 \\/  ___)| |_)| | | | | || (_| |  ) ) ) )
  '  |____| .__|_| |_|_| |_\__, | / / / /
 =========|_|==============|___/=/_/_/_/

 :: Spring Boot ::                (v3.3.4)

2024-10-23T21:26:22.080+09:00  INFO 19660 --- [test] [    Test worker] co.kr.test.board.BoardTestController     : Starting BoardTestController using Java 17 with PID 19660 (started by eyeji in C:\Users\eyeji\IdeaProjects\test)
2024-10-23T21:26:22.081+09:00  INFO 19660 --- [test] [    Test worker] co.kr.test.board.BoardTestController     : No active profile set, falling back to 1 default profile: "default"
2024-10-23T21:26:22.678+09:00  INFO 19660 --- [test] [    Test worker] .s.d.r.c.RepositoryConfigurationDelegate : Bootstrapping Spring Data JPA repositories in DEFAULT mode.
2024-10-23T21:26:22.730+09:00  INFO 19660 --- [test] [    Test worker] .s.d.r.c.RepositoryConfigurationDelegate : Finished Spring Data repository scanning in 42 ms. Found 1 JPA repository interface.
2024-10-23T21:26:23.114+09:00  INFO 19660 --- [test] [    Test worker] o.hibernate.jpa.internal.util.LogHelper  : HHH000204: Processing PersistenceUnitInfo [name: default]
2024-10-23T21:26:23.170+09:00  INFO 19660 --- [test] [    Test worker] org.hibernate.Version                    : HHH000412: Hibernate ORM core version 6.5.3.Final
2024-10-23T21:26:23.202+09:00  INFO 19660 --- [test] [    Test worker] o.h.c.internal.RegionFactoryInitiator    : HHH000026: Second-level cache disabled
2024-10-23T21:26:23.479+09:00  INFO 19660 --- [test] [    Test worker] o.s.o.j.p.SpringPersistenceUnitInfo      : No LoadTimeWeaver setup: ignoring JPA class transformer
2024-10-23T21:26:23.512+09:00  INFO 19660 --- [test] [    Test worker] com.zaxxer.hikari.HikariDataSource       : HikariPool-1 - Starting...
2024-10-23T21:26:23.654+09:00  INFO 19660 --- [test] [    Test worker] com.zaxxer.hikari.pool.HikariPool        : HikariPool-1 - Added connection conn0: url=jdbc:h2:mem:test user=ROOT
2024-10-23T21:26:23.654+09:00  INFO 19660 --- [test] [    Test worker] com.zaxxer.hikari.HikariDataSource       : HikariPool-1 - Start completed.
2024-10-23T21:26:24.328+09:00  INFO 19660 --- [test] [    Test worker] o.h.e.t.j.p.i.JtaPlatformInitiator       : HHH000489: No JTA platform available (set 'hibernate.transaction.jta.platform' to enable JTA platform integration)
Hibernate: drop table if exists board cascade 
Hibernate: create table board (create_at timestamp(6), id bigint not null, update_at timestamp(6), board_title varchar(255), content varchar(255), primary key (id))
2024-10-23T21:26:24.353+09:00  INFO 19660 --- [test] [    Test worker] j.LocalContainerEntityManagerFactoryBean : Initialized JPA EntityManagerFactory for persistence unit 'default'
2024-10-23T21:26:24.713+09:00  WARN 19660 --- [test] [    Test worker] JpaBaseConfiguration$JpaWebConfiguration : spring.jpa.open-in-view is enabled by default. Therefore, database queries may be performed during view rendering. Explicitly configure spring.jpa.open-in-view to disable this warning
2024-10-23T21:26:25.138+09:00  INFO 19660 --- [test] [    Test worker] o.s.b.a.h2.H2ConsoleAutoConfiguration    : H2 console available at '/h2-console'. Database available at 'jdbc:h2:mem:test'
2024-10-23T21:26:25.209+09:00  INFO 19660 --- [test] [    Test worker] o.s.b.t.m.w.SpringBootMockServletContext : Initializing Spring TestDispatcherServlet ''
2024-10-23T21:26:25.209+09:00  INFO 19660 --- [test] [    Test worker] o.s.t.web.servlet.TestDispatcherServlet  : Initializing Servlet ''
2024-10-23T21:26:25.212+09:00  INFO 19660 --- [test] [    Test worker] o.s.t.web.servlet.TestDispatcherServlet  : Completed initialization in 1 ms
2024-10-23T21:26:25.242+09:00  INFO 19660 --- [test] [    Test worker] co.kr.test.board.BoardTestController     : Started BoardTestController in 3.367 seconds (process running for 4.336)
Hibernate: select b1_0.id,b1_0.board_title,b1_0.content,b1_0.create_at,b1_0.update_at from board b1_0

MockHttpServletRequest:
      HTTP Method = GET
      Request URI = /api/board
       Parameters = {}
          Headers = []
             Body = null
    Session Attrs = {}

Handler:
             Type = co.kr.test.board.controller.BoardController
           Method = co.kr.test.board.controller.BoardController#getBoardList()

Async:
    Async started = false
     Async result = null

Resolved Exception:
             Type = null

ModelAndView:
        View name = null
             View = null
            Model = null

FlashMap:
       Attributes = null

MockHttpServletResponse:
           Status = 200
    Error message = null
          Headers = [Content-Type:"application/json"]
     Content type = application/json
             Body = []
    Forwarded URL = null
   Redirected URL = null
          Cookies = []
]]></system-out>
  <system-err><![CDATA[]]></system-err>
</testsuite>
